[31-01-2025 11:22:12] [ERROR] 404 - Page Not Found: ems//events/registration []
[31-01-2025 11:28:16] [ERROR] 404 - Page Not Found: ems/reports []
[31-01-2025 11:29:01] [ERROR] 404 - Page Not Found: ems/reports []
[31-01-2025 11:29:37] [ERROR] 404 - Page Not Found: ems/reports []
[31-01-2025 11:33:05] [ERROR] 404 - Page Not Found: ems/reports []
[31-01-2025 11:33:18] [ERROR] 404 - Page Not Found: ems/reports []
[31-01-2025 12:50:25] [ERROR] 404 - Page Not Found: ems/public/assets/css/error.css []
[31-01-2025 12:50:25] [ERROR] 404 - Page Not Found: ems/public/assets/css/error.css []
[31-01-2025 12:51:04] [ERROR] 404 - Page Not Found: ems/public/assets/css/error.css []
[31-01-2025 12:51:04] [ERROR] 404 - Page Not Found: ems/public/assets/css/error.css []
[31-01-2025 12:51:05] [ERROR] 404 - Page Not Found: ems/public/assets/css/error.css []
[31-01-2025 12:51:37] [ERROR] 404 - Page Not Found: ems/public/assets/css/error.css []
[31-01-2025 12:51:37] [ERROR] 404 - Page Not Found: ems/public/assets/css/error.css []
[31-01-2025 12:52:12] [ERROR] 404 - Page Not Found: ems/public/assets/css/error.css []
[31-01-2025 12:53:13] [ERROR] 404 - Page Not Found: ems/public/assets/css/error.css []
[31-01-2025 12:53:16] [ERROR] 404 - Page Not Found: ems/public/assets/css/error.css []
[31-01-2025 12:59:38] [ERROR] 404 - Page Not Found: ems/public/assets/css/error.css []
[31-01-2025 12:59:38] [ERROR] 404 - Page Not Found: ems/public/assets/css/error.css []
[31-01-2025 12:59:47] [ERROR] 404 - Page Not Found: ems/public/assets/css/error.css []
[31-01-2025 12:59:47] [ERROR] 404 - Page Not Found: ems/public/assets/css/error.css []
[31-01-2025 12:59:50] [ERROR] 404 - Page Not Found: ems/public/assets/css/error.css []
[31-01-2025 13:00:29] [ERROR] 404 - Page Not Found: ems/public/assets/css/error.css []
[31-01-2025 13:11:35] [ERROR] 404 - Page Not Found: ems/events/report/2 []
[31-01-2025 13:15:28] [ERROR] 404 - Controller/Method Not Found: App\Controllers\EventController@generateReport []
[31-01-2025 13:28:57] [ERROR] 404 - Page Not Found: ems/public/assets/css/report.css []
[31-01-2025 13:28:57] [ERROR] 404 - Page Not Found: ems/public/assets/css/report.css []
[31-01-2025 13:29:00] [ERROR] 404 - Page Not Found: ems/events/downloadReport/2 []
[31-01-2025 13:29:02] [ERROR] 404 - Page Not Found: ems/public/assets/css/report.css []
[31-01-2025 13:29:31] [ERROR] 404 - Page Not Found: ems/public/assets/css/report.css []
[31-01-2025 13:29:31] [ERROR] 404 - Page Not Found: ems/public/assets/css/report.css []
[31-01-2025 13:30:24] [ERROR] 404 - Page Not Found: ems/public/assets/css/report.css []
[31-01-2025 13:52:57] [ERROR] 404 - Page Not Found: ems/public/assets/css/error.css []
[31-01-2025 13:52:57] [ERROR] 404 - Page Not Found: ems/public/assets/css/error.css []
[31-01-2025 13:57:44] [ERROR] 404 - Page Not Found: ems/public/assets/css/error.css []
[31-01-2025 13:57:44] [ERROR] 404 - Page Not Found: ems/public/assets/css/error.css []
[31-01-2025 13:57:47] [ERROR] 404 - Page Not Found: ems/public/assets/css/error.css []
[31-01-2025 13:57:47] [ERROR] 404 - Page Not Found: ems/public/assets/css/error.css []
[31-01-2025 13:57:50] [ERROR] 404 - Page Not Found: ems/public/assets/css/error.css []
[31-01-2025 13:58:12] [ERROR] 404 - Page Not Found: ems/public/assets/css/error.css []
[31-01-2025 14:01:41] [ERROR] 404 - Page Not Found: ems/events/report/events/export-csv/2 []
[31-01-2025 14:01:53] [ERROR] 404 - Page Not Found: ems//events/export-csv/2 []
[31-01-2025 14:02:25] [ERROR] 404 - Page Not Found: ems/public/assets/css/error.css []
[31-01-2025 14:02:25] [ERROR] 404 - Page Not Found: ems/public/assets/css/error.css []
[31-01-2025 14:02:31] [ERROR] 404 - Page Not Found: ems/public/assets/css/error.css []
[31-01-2025 14:05:31] [ERROR] 404 - Page Not Found: ems/public/assets/css/error.css []
[31-01-2025 14:05:32] [ERROR] 404 - Page Not Found: ems/public/assets/css/error.css []
[31-01-2025 14:05:33] [ERROR] 404 - Page Not Found: ems/public/assets/css/error.css []
[31-01-2025 14:05:33] [ERROR] 404 - Page Not Found: ems/public/assets/css/error.css []
[31-01-2025 14:07:41] [ERROR] 404 - Page Not Found: ems/public/assets/css/error.css []
[31-01-2025 14:07:41] [ERROR] 404 - Page Not Found: ems/public/assets/css/error.css []
[31-01-2025 14:32:50] [ERROR] 404 - Page Not Found: ems/events/export-csv []
[31-01-2025 14:33:01] [ERROR] 404 - Page Not Found: ems/events/export-csv []
[31-01-2025 17:39:16] [ERROR] 404 - Page Not Found: ems/public/assets/css/error.css []
[31-01-2025 17:39:16] [ERROR] 404 - Page Not Found: ems/public/assets/css/error.css []
[31-01-2025 17:39:23] [ERROR] 404 - Page Not Found: ems/public/assets/css/error.css []
[31-01-2025 17:39:23] [ERROR] 404 - Page Not Found: ems/public/assets/css/error.css []
[31-01-2025 17:44:38] [ERROR] 404 - Page Not Found: ems/events/report/attendees/delete/3 []
[31-01-2025 18:15:34] [ERROR] 404 - Page Not Found: ems/attendees []
[31-01-2025 18:15:40] [ERROR] 404 - Page Not Found: ems/users []
[31-01-2025 18:15:44] [ERROR] 404 - Page Not Found: ems/attendees []
[31-01-2025 18:16:58] [ERROR] 404 - Page Not Found: ems/attendees []
